[    1149ms] [INFO] %cDownload the React DevTools for a better development experience: https://react.dev/link/react-devtools font-weight:bold @ http://localhost:3001/_next/static/chunks/9da9d_next_dist_8994732a._.js:2297
[    1575ms] [LOG] [HMR] connected @ http://localhost:3001/_next/static/chunks/9da9d_next_dist_8994732a._.js:2297
[    1762ms] [LOG] [Fast Refresh] rebuilding @ http://localhost:3001/_next/static/chunks/9da9d_next_dist_8994732a._.js:2297
[    2001ms] [LOG] [Fast Refresh] done in 350ms @ http://localhost:3001/_next/static/chunks/9da9d_next_dist_8994732a._.js:2297
[   11950ms] [LOG] Download the Apollo DevTools for a better development experience: %s https://chrome.google.com/webstore/detail/apollo-client-developer-t/jdkknkkbebbapilgoeccciglkfbmbnfm @ http://localhost:3001/_next/static/chunks/9da9d_next_dist_8994732a._.js:2297
[ 1392392ms] [LOG] [Fast Refresh] rebuilding @ http://localhost:3001/_next/static/chunks/9da9d_next_dist_8994732a._.js:2297
[ 1396074ms] [LOG] [Fast Refresh] done in 3802ms @ http://localhost:3001/_next/static/chunks/9da9d_next_dist_8994732a._.js:2297
[ 1468333ms] [LOG] [Fast Refresh] rebuilding @ http://localhost:3001/_next/static/chunks/9da9d_next_dist_8994732a._.js:2297
[ 1469048ms] [LOG] [Fast Refresh] done in 815ms @ http://localhost:3001/_next/static/chunks/9da9d_next_dist_8994732a._.js:2297
[ 1598128ms] [LOG] [Fast Refresh] rebuilding @ http://localhost:3001/_next/static/chunks/9da9d_next_dist_8994732a._.js:2297
[ 1599044ms] [LOG] [Fast Refresh] done in 1017ms @ http://localhost:3001/_next/static/chunks/9da9d_next_dist_8994732a._.js:2297
[11653869ms] [ERROR] WebSocket connection to 'ws://localhost:3001/_next/webpack-hmr?id=kSidWqKUaZtZhrunBvxd2' failed: Error in connection establishment: net::ERR_CONNECTION_REFUSED @ http://localhost:3001/_next/static/chunks/9da9d_next_dist_client_cd104a36._.js:10878
[11654874ms] [ERROR] WebSocket connection to 'ws://localhost:3001/_next/webpack-hmr?id=kSidWqKUaZtZhrunBvxd2' failed: Error in connection establishment: net::ERR_CONNECTION_REFUSED @ http://localhost:3001/_next/static/chunks/9da9d_next_dist_client_cd104a36._.js:10878
[11655882ms] [ERROR] WebSocket connection to 'ws://localhost:3001/_next/webpack-hmr?id=kSidWqKUaZtZhrunBvxd2' failed: Error in connection establishment: net::ERR_CONNECTION_REFUSED @ http://localhost:3001/_next/static/chunks/9da9d_next_dist_client_cd104a36._.js:10878
[11656885ms] [ERROR] WebSocket connection to 'ws://localhost:3001/_next/webpack-hmr?id=kSidWqKUaZtZhrunBvxd2' failed: Error in connection establishment: net::ERR_CONNECTION_REFUSED @ http://localhost:3001/_next/static/chunks/9da9d_next_dist_client_cd104a36._.js:10878
[11657889ms] [ERROR] WebSocket connection to 'ws://localhost:3001/_next/webpack-hmr?id=kSidWqKUaZtZhrunBvxd2' failed: Error in connection establishment: net::ERR_CONNECTION_REFUSED @ http://localhost:3001/_next/static/chunks/9da9d_next_dist_client_cd104a36._.js:10878
[11662892ms] [ERROR] WebSocket connection to 'ws://localhost:3001/_next/webpack-hmr?id=kSidWqKUaZtZhrunBvxd2' failed: Error in connection establishment: net::ERR_CONNECTION_REFUSED @ http://localhost:3001/_next/static/chunks/9da9d_next_dist_client_cd104a36._.js:10878
[11667896ms] [ERROR] WebSocket connection to 'ws://localhost:3001/_next/webpack-hmr?id=kSidWqKUaZtZhrunBvxd2' failed: Error in connection establishment: net::ERR_CONNECTION_REFUSED @ http://localhost:3001/_next/static/chunks/9da9d_next_dist_client_cd104a36._.js:10878
[11672918ms] [ERROR] WebSocket connection to 'ws://localhost:3001/_next/webpack-hmr?id=kSidWqKUaZtZhrunBvxd2' failed: Error in connection establishment: net::ERR_CONNECTION_REFUSED @ http://localhost:3001/_next/static/chunks/9da9d_next_dist_client_cd104a36._.js:10878
[11677935ms] [ERROR] WebSocket connection to 'ws://localhost:3001/_next/webpack-hmr?id=kSidWqKUaZtZhrunBvxd2' failed: Error in connection establishment: net::ERR_CONNECTION_REFUSED @ http://localhost:3001/_next/static/chunks/9da9d_next_dist_client_cd104a36._.js:10878
[11682967ms] [ERROR] WebSocket connection to 'ws://localhost:3001/_next/webpack-hmr?id=kSidWqKUaZtZhrunBvxd2' failed: Error in connection establishment: net::ERR_CONNECTION_REFUSED @ http://localhost:3001/_next/static/chunks/9da9d_next_dist_client_cd104a36._.js:10878
[11688078ms] [LOG] [HMR] connected @ http://localhost:3001/_next/static/chunks/9da9d_next_dist_8994732a._.js:2297
[11700838ms] [ERROR] Failed to load resource: the server responded with a status of 404 (Not Found) @ http://localhost:3001/dashboard/inventory/:0
[11701526ms] [INFO] %cDownload the React DevTools for a better development experience: https://react.dev/link/react-devtools font-weight:bold @ http://localhost:3001/_next/static/chunks/d1061_next_dist_a645c1ce._.js:2297
[11701846ms] [LOG] [HMR] connected @ http://localhost:3001/_next/static/chunks/d1061_next_dist_a645c1ce._.js:2297
[11702192ms] [ERROR] Failed to load resource: the server responded with a status of 404 (Not Found) @ http://localhost:3001/favicon.ico:0
[11704036ms] [WARNING] Manifest: property 'id' ignored, should be same origin as document. @ http://localhost:3001/manifest.webmanifest:0
[11713666ms] [LOG] [Fast Refresh] rebuilding @ http://localhost:3001/_next/static/chunks/d1061_next_dist_a645c1ce._.js:2297
[11713857ms] [LOG] [Fast Refresh] done in 290ms @ http://localhost:3001/_next/static/chunks/d1061_next_dist_a645c1ce._.js:2297
[11715960ms] [LOG] [Fast Refresh] rebuilding @ http://localhost:3001/_next/static/chunks/d1061_next_dist_a645c1ce._.js:2297
[11716289ms] [LOG] [Fast Refresh] done in 429ms @ http://localhost:3001/_next/static/chunks/d1061_next_dist_a645c1ce._.js:2297
[11849232ms] [ERROR] Failed to load resource: the server responded with a status of 404 (Not Found) @ http://localhost:3001/dashboard/inventory/:0
[11849657ms] [WARNING] Manifest: property 'id' ignored, should be same origin as document. @ http://localhost:3001/manifest.webmanifest:0
[11849699ms] [INFO] %cDownload the React DevTools for a better development experience: https://react.dev/link/react-devtools font-weight:bold @ http://localhost:3001/_next/static/chunks/d1061_next_dist_a645c1ce._.js:2297
[11849777ms] [LOG] [HMR] connected @ http://localhost:3001/_next/static/chunks/d1061_next_dist_a645c1ce._.js:2297
[11849881ms] [ERROR] Failed to load resource: the server responded with a status of 404 (Not Found) @ http://localhost:3001/favicon.ico:0
[11919591ms] [LOG] [Fast Refresh] rebuilding @ http://localhost:3001/_next/static/chunks/d1061_next_dist_a645c1ce._.js:2297
[11919709ms] [LOG] [Fast Refresh] done in 218ms @ http://localhost:3001/_next/static/chunks/d1061_next_dist_a645c1ce._.js:2297
[11942666ms] [LOG] [Fast Refresh] rebuilding @ http://localhost:3001/_next/static/chunks/d1061_next_dist_a645c1ce._.js:2297
[11943978ms] [LOG] [Fast Refresh] done in 1412ms @ http://localhost:3001/_next/static/chunks/d1061_next_dist_a645c1ce._.js:2297
[12016323ms] [LOG] [Fast Refresh] rebuilding @ http://localhost:3001/_next/static/chunks/d1061_next_dist_a645c1ce._.js:2297
[12016701ms] [LOG] [Fast Refresh] done in 478ms @ http://localhost:3001/_next/static/chunks/d1061_next_dist_a645c1ce._.js:2297
[12341177ms] [ERROR] WebSocket connection to 'ws://localhost:3001/_next/webpack-hmr?id=Ioh_Upk9l4WvwbGFWrZAt' failed: Error in connection establishment: net::ERR_CONNECTION_REFUSED @ http://localhost:3001/_next/static/chunks/d1061_next_dist_client_378966d2._.js:10886
[12342209ms] [ERROR] WebSocket connection to 'ws://localhost:3001/_next/webpack-hmr?id=Ioh_Upk9l4WvwbGFWrZAt' failed: Error in connection establishment: net::ERR_CONNECTION_REFUSED @ http://localhost:3001/_next/static/chunks/d1061_next_dist_client_378966d2._.js:10886
[12343225ms] [ERROR] WebSocket connection to 'ws://localhost:3001/_next/webpack-hmr?id=Ioh_Upk9l4WvwbGFWrZAt' failed: Error in connection establishment: net::ERR_CONNECTION_REFUSED @ http://localhost:3001/_next/static/chunks/d1061_next_dist_client_378966d2._.js:10886
[12344240ms] [ERROR] WebSocket connection to 'ws://localhost:3001/_next/webpack-hmr?id=Ioh_Upk9l4WvwbGFWrZAt' failed: Error in connection establishment: net::ERR_CONNECTION_REFUSED @ http://localhost:3001/_next/static/chunks/d1061_next_dist_client_378966d2._.js:10886
[12345244ms] [ERROR] WebSocket connection to 'ws://localhost:3001/_next/webpack-hmr?id=Ioh_Upk9l4WvwbGFWrZAt' failed: Error in connection establishment: net::ERR_CONNECTION_REFUSED @ http://localhost:3001/_next/static/chunks/d1061_next_dist_client_378966d2._.js:10886
[12350250ms] [ERROR] WebSocket connection to 'ws://localhost:3001/_next/webpack-hmr?id=Ioh_Upk9l4WvwbGFWrZAt' failed: Error in connection establishment: net::ERR_CONNECTION_REFUSED @ http://localhost:3001/_next/static/chunks/d1061_next_dist_client_378966d2._.js:10886
[12355256ms] [ERROR] WebSocket connection to 'ws://localhost:3001/_next/webpack-hmr?id=Ioh_Upk9l4WvwbGFWrZAt' failed: Error in connection establishment: net::ERR_CONNECTION_REFUSED @ http://localhost:3001/_next/static/chunks/d1061_next_dist_client_378966d2._.js:10886
[12360265ms] [ERROR] WebSocket connection to 'ws://localhost:3001/_next/webpack-hmr?id=Ioh_Upk9l4WvwbGFWrZAt' failed: Error in connection establishment: net::ERR_CONNECTION_REFUSED @ http://localhost:3001/_next/static/chunks/d1061_next_dist_client_378966d2._.js:10886
[12365287ms] [ERROR] WebSocket connection to 'ws://localhost:3001/_next/webpack-hmr?id=Ioh_Upk9l4WvwbGFWrZAt' failed: Error in connection establishment: net::ERR_CONNECTION_REFUSED @ http://localhost:3001/_next/static/chunks/d1061_next_dist_client_378966d2._.js:10886
[12370321ms] [ERROR] WebSocket connection to 'ws://localhost:3001/_next/webpack-hmr?id=Ioh_Upk9l4WvwbGFWrZAt' failed: Error in connection establishment: net::ERR_CONNECTION_REFUSED @ http://localhost:3001/_next/static/chunks/d1061_next_dist_client_378966d2._.js:10886
[12375368ms] [ERROR] WebSocket connection to 'ws://localhost:3001/_next/webpack-hmr?id=Ioh_Upk9l4WvwbGFWrZAt' failed: Error in connection establishment: net::ERR_CONNECTION_REFUSED @ http://localhost:3001/_next/static/chunks/d1061_next_dist_client_378966d2._.js:10886
[12380459ms] [ERROR] WebSocket connection to 'ws://localhost:3001/_next/webpack-hmr?id=Ioh_Upk9l4WvwbGFWrZAt' failed: Error in connection establishment: net::ERR_CONNECTION_REFUSED @ http://localhost:3001/_next/static/chunks/d1061_next_dist_client_378966d2._.js:10886
