[       1ms] [INFO] %cDownload the React DevTools for a better development experience: https://react.dev/link/react-devtools font-weight:bold @ http://localhost:3000/_next/static/chunks/9da9d_next_dist_8994732a._.js:2297
[     393ms] [LOG] [HMR] connected @ http://localhost:3000/_next/static/chunks/9da9d_next_dist_8994732a._.js:2297
[    1707ms] [INFO] %cDownload the React DevTools for a better development experience: https://react.dev/link/react-devtools font-weight:bold @ http://localhost:3000/_next/static/chunks/9da9d_next_dist_8994732a._.js:2297
[    1806ms] [LOG] [HMR] connected @ http://localhost:3000/_next/static/chunks/9da9d_next_dist_8994732a._.js:2297
[   11356ms] [LOG] [Fast Refresh] rebuilding @ http://localhost:3000/_next/static/chunks/9da9d_next_dist_8994732a._.js:2297
[   11380ms] [LOG] [Fast Refresh] done in 122ms @ http://localhost:3000/_next/static/chunks/9da9d_next_dist_8994732a._.js:2297
[   11904ms] [LOG] Download the Apollo DevTools for a better development experience: %s https://chrome.google.com/webstore/detail/apollo-client-developer-t/jdkknkkbebbapilgoeccciglkfbmbnfm @ http://localhost:3000/_next/static/chunks/9da9d_next_dist_8994732a._.js:2297
[   25311ms] [LOG] [Fast Refresh] rebuilding @ http://localhost:3000/_next/static/chunks/9da9d_next_dist_8994732a._.js:2297
[   25319ms] [LOG] [Fast Refresh] done in 110ms @ http://localhost:3000/_next/static/chunks/9da9d_next_dist_8994732a._.js:2297
[ 1522378ms] [LOG] [Fast Refresh] rebuilding @ http://localhost:3000/_next/static/chunks/9da9d_next_dist_8994732a._.js:2297
[ 1522932ms] [LOG] [Fast Refresh] done in 654ms @ http://localhost:3000/_next/static/chunks/9da9d_next_dist_8994732a._.js:2297
[ 1653366ms] [ERROR] WebSocket connection to 'ws://localhost:3000/_next/webpack-hmr?id=HnxCSzjypRzf0dSdvpXA6' failed: Error in connection establishment: net::ERR_CONNECTION_REFUSED @ http://localhost:3000/_next/static/chunks/9da9d_next_dist_client_cd104a36._.js:10878
[ 1654373ms] [ERROR] WebSocket connection to 'ws://localhost:3000/_next/webpack-hmr?id=HnxCSzjypRzf0dSdvpXA6' failed: Error in connection establishment: net::ERR_CONNECTION_REFUSED @ http://localhost:3000/_next/static/chunks/9da9d_next_dist_client_cd104a36._.js:10878
[ 1655376ms] [ERROR] WebSocket connection to 'ws://localhost:3000/_next/webpack-hmr?id=HnxCSzjypRzf0dSdvpXA6' failed: Error in connection establishment: net::ERR_CONNECTION_REFUSED @ http://localhost:3000/_next/static/chunks/9da9d_next_dist_client_cd104a36._.js:10878
[ 1656389ms] [ERROR] WebSocket connection to 'ws://localhost:3000/_next/webpack-hmr?id=HnxCSzjypRzf0dSdvpXA6' failed: Error in connection establishment: net::ERR_CONNECTION_REFUSED @ http://localhost:3000/_next/static/chunks/9da9d_next_dist_client_cd104a36._.js:10878
[ 1657676ms] [ERROR] WebSocket connection to 'ws://localhost:3000/_next/webpack-hmr?id=HnxCSzjypRzf0dSdvpXA6' failed: Error in connection establishment: net::ERR_CONNECTION_REFUSED @ http://localhost:3000/_next/static/chunks/9da9d_next_dist_client_cd104a36._.js:10878
[ 1662684ms] [ERROR] WebSocket connection to 'ws://localhost:3000/_next/webpack-hmr?id=HnxCSzjypRzf0dSdvpXA6' failed: Error in connection establishment: net::ERR_CONNECTION_REFUSED @ http://localhost:3000/_next/static/chunks/9da9d_next_dist_client_cd104a36._.js:10878
[ 1667690ms] [ERROR] WebSocket connection to 'ws://localhost:3000/_next/webpack-hmr?id=HnxCSzjypRzf0dSdvpXA6' failed: Error in connection establishment: net::ERR_CONNECTION_REFUSED @ http://localhost:3000/_next/static/chunks/9da9d_next_dist_client_cd104a36._.js:10878
[ 1672704ms] [ERROR] WebSocket connection to 'ws://localhost:3000/_next/webpack-hmr?id=HnxCSzjypRzf0dSdvpXA6' failed: Error in connection establishment: net::ERR_CONNECTION_REFUSED @ http://localhost:3000/_next/static/chunks/9da9d_next_dist_client_cd104a36._.js:10878
[ 1677731ms] [ERROR] WebSocket connection to 'ws://localhost:3000/_next/webpack-hmr?id=HnxCSzjypRzf0dSdvpXA6' failed: Error in connection establishment: net::ERR_CONNECTION_REFUSED @ http://localhost:3000/_next/static/chunks/9da9d_next_dist_client_cd104a36._.js:10878
[ 1682810ms] [ERROR] WebSocket connection to 'ws://localhost:3000/_next/webpack-hmr?id=HnxCSzjypRzf0dSdvpXA6' failed: Error in connection establishment: net::ERR_CONNECTION_REFUSED @ http://localhost:3000/_next/static/chunks/9da9d_next_dist_client_cd104a36._.js:10878
