[    5282ms] [INFO] %cDownload the React DevTools for a better development experience: https://react.dev/link/react-devtools font-weight:bold @ http://localhost:3001/_next/static/chunks/9da9d_next_dist_8994732a._.js:2297
[    6051ms] [LOG] [HMR] connected @ http://localhost:3001/_next/static/chunks/9da9d_next_dist_8994732a._.js:2297
[   16318ms] [LOG] Download the Apollo DevTools for a better development experience: %s https://chrome.google.com/webstore/detail/apollo-client-developer-t/jdkknkkbebbapilgoeccciglkfbmbnfm @ http://localhost:3001/_next/static/chunks/9da9d_next_dist_8994732a._.js:2297
[   81866ms] [LOG] [Fast Refresh] rebuilding @ http://localhost:3001/_next/static/chunks/9da9d_next_dist_8994732a._.js:2297
[   83705ms] [LOG] [Fast Refresh] done in 1949ms @ http://localhost:3001/_next/static/chunks/9da9d_next_dist_8994732a._.js:2297
[  159536ms] [LOG] [Fast Refresh] rebuilding @ http://localhost:3001/_next/static/chunks/9da9d_next_dist_8994732a._.js:2297
[  174135ms] [LOG] [Fast Refresh] done in 13870ms @ http://localhost:3001/_next/static/chunks/9da9d_next_dist_8994732a._.js:2297
[  206243ms] [LOG] [Fast Refresh] rebuilding @ http://localhost:3001/_next/static/chunks/9da9d_next_dist_8994732a._.js:2297
[  207326ms] [LOG] [Fast Refresh] done in 807ms @ http://localhost:3001/_next/static/chunks/9da9d_next_dist_8994732a._.js:2297
[  226735ms] [ERROR] WebSocket connection to 'ws://localhost:3001/_next/webpack-hmr?id=2E3o4pP9OuIBpGIkJYQ8b' failed: Error in connection establishment: net::ERR_CONNECTION_REFUSED @ http://localhost:3001/_next/static/chunks/9da9d_next_dist_client_cd104a36._.js:10878
[  227741ms] [ERROR] WebSocket connection to 'ws://localhost:3001/_next/webpack-hmr?id=2E3o4pP9OuIBpGIkJYQ8b' failed: Error in connection establishment: net::ERR_CONNECTION_REFUSED @ http://localhost:3001/_next/static/chunks/9da9d_next_dist_client_cd104a36._.js:10878
[  228745ms] [ERROR] WebSocket connection to 'ws://localhost:3001/_next/webpack-hmr?id=2E3o4pP9OuIBpGIkJYQ8b' failed: Error in connection establishment: net::ERR_CONNECTION_REFUSED @ http://localhost:3001/_next/static/chunks/9da9d_next_dist_client_cd104a36._.js:10878
[  229750ms] [ERROR] WebSocket connection to 'ws://localhost:3001/_next/webpack-hmr?id=2E3o4pP9OuIBpGIkJYQ8b' failed: Error in connection establishment: net::ERR_CONNECTION_REFUSED @ http://localhost:3001/_next/static/chunks/9da9d_next_dist_client_cd104a36._.js:10878
[  230926ms] [ERROR] WebSocket connection to 'ws://localhost:3001/_next/webpack-hmr?id=2E3o4pP9OuIBpGIkJYQ8b' failed: Error in connection establishment: net::ERR_CONNECTION_REFUSED @ http://localhost:3001/_next/static/chunks/9da9d_next_dist_client_cd104a36._.js:10878
[  235967ms] [ERROR] WebSocket connection to 'ws://localhost:3001/_next/webpack-hmr?id=2E3o4pP9OuIBpGIkJYQ8b' failed: Error in connection establishment: net::ERR_CONNECTION_REFUSED @ http://localhost:3001/_next/static/chunks/9da9d_next_dist_client_cd104a36._.js:10878
[  240988ms] [ERROR] WebSocket connection to 'ws://localhost:3001/_next/webpack-hmr?id=2E3o4pP9OuIBpGIkJYQ8b' failed: Error in connection establishment: net::ERR_CONNECTION_REFUSED @ http://localhost:3001/_next/static/chunks/9da9d_next_dist_client_cd104a36._.js:10878
[  246016ms] [ERROR] WebSocket connection to 'ws://localhost:3001/_next/webpack-hmr?id=2E3o4pP9OuIBpGIkJYQ8b' failed: Error in connection establishment: net::ERR_CONNECTION_REFUSED @ http://localhost:3001/_next/static/chunks/9da9d_next_dist_client_cd104a36._.js:10878
[  251108ms] [ERROR] WebSocket connection to 'ws://localhost:3001/_next/webpack-hmr?id=2E3o4pP9OuIBpGIkJYQ8b' failed: Error in connection establishment: net::ERR_CONNECTION_REFUSED @ http://localhost:3001/_next/static/chunks/9da9d_next_dist_client_cd104a36._.js:10878
[  256132ms] [ERROR] WebSocket connection to 'ws://localhost:3001/_next/webpack-hmr?id=2E3o4pP9OuIBpGIkJYQ8b' failed: Error in connection establishment: net::ERR_CONNECTION_REFUSED @ http://localhost:3001/_next/static/chunks/9da9d_next_dist_client_cd104a36._.js:10878
[  261153ms] [ERROR] WebSocket connection to 'ws://localhost:3001/_next/webpack-hmr?id=2E3o4pP9OuIBpGIkJYQ8b' failed: Error in connection establishment: net::ERR_CONNECTION_REFUSED @ http://localhost:3001/_next/static/chunks/9da9d_next_dist_client_cd104a36._.js:10878
[  266158ms] [ERROR] WebSocket connection to 'ws://localhost:3001/_next/webpack-hmr?id=2E3o4pP9OuIBpGIkJYQ8b' failed: Error in connection establishment: net::ERR_CONNECTION_REFUSED @ http://localhost:3001/_next/static/chunks/9da9d_next_dist_client_cd104a36._.js:10878
