[   67094ms] [ERROR] Failed to load resource: the server responded with a status of 500 (Internal Server Error) @ http://localhost:3000/dashboard/inventory:0
[   67648ms] [INFO] %cDownload the React DevTools for a better development experience: https://react.dev/link/react-devtools font-weight:bold @ http://localhost:3000/_next/static/chunks/13e6a_react-dom_c1393a07._.js:15305
[   67912ms] Error: ./apps/frontend/src/app/global.css:618:8
Parsing CSS source code failed
  616 |   }
  617 | }
> 618 | @import url('https://fonts.googleapis.com/css2?family=Inter:wght@400;500;600;700&display=swap');
      |        ^
  619 | @layer base {
  620 |   * {
  621 |     -webkit-font-smoothing: antialiased;

@import rules must precede all rules aside from @charset and @layer statements

Import trace:
  Client Component Browser:
    ./apps/frontend/src/app/global.css [Client Component Browser]
    ./apps/frontend/src/app/layout.tsx [Server Component]


    at <unknown> (Error: ./apps/frontend/src/app/global.css:618:8)
    at Object.getCompilationErrors (file:///home/amansharma/Desktop/workspace/SpaceJam/spacejam/apps/frontend/node_modules/.pnpm/next@16.1.7_react-dom@19.2.6_react@19.2.6__react@19.2.6/node_modules/next/dist/server/dev/hot-reloader-turbopack.js:1008:59)
    at DevBundlerService.getCompilationError (file:///home/amansharma/Desktop/workspace/SpaceJam/spacejam/apps/frontend/node_modules/.pnpm/next@16.1.7_react-dom@19.2.6_react@19.2.6__react@19.2.6/node_modules/next/dist/server/lib/dev-bundler-service.js:44:55)
    at DevServer.getCompilationError (file:///home/amansharma/Desktop/workspace/SpaceJam/spacejam/apps/frontend/node_modules/.pnpm/next@16.1.7_react-dom@19.2.6_react@19.2.6__react@19.2.6/node_modules/next/dist/server/dev/next-dev-server.js:706:42)
    at DevServer.findPageComponents (file:///home/amansharma/Desktop/workspace/SpaceJam/spacejam/apps/frontend/node_modules/.pnpm/next@16.1.7_react-dom@19.2.6_react@19.2.6__react@19.2.6/node_modules/next/dist/server/dev/next-dev-server.js:676:43)
    at async DevServer.renderErrorToResponseImpl (file:///home/amansharma/Desktop/workspace/SpaceJam/spacejam/apps/frontend/node_modules/.pnpm/next@16.1.7_react-dom@19.2.6_react@19.2.6__react@19.2.6/node_modules/next/dist/server/base-server.js:1719:26)
[   67858ms] [LOG] [HMR] connected @ http://localhost:3000/_next/static/chunks/9da9d_next_dist_1382ebdb._.js:1206
[   67954ms] [ERROR] ./apps/frontend/src/app/global.css:618:8
Parsing CSS source code failed
  616 |   }
  617 | }
> 618 | @import url('https://fonts.googleapis.com/css2?family=Inter:wght@400;500;600;700&display=swap');
      |        ^
  619 | @layer base {
  620 |   * {
  621 |     -webkit-font-smoothing: antialiased;

@import rules must precede all rules aside from @charset and @layer statements

Import trace:
  Client Component Browser:
    ./apps/frontend/src/app/global.css [Client Component Browser]
    ./apps/frontend/src/app/layout.tsx [Server Component] @ http://localhost:3000/_next/static/chunks/9da9d_next_dist_1382ebdb._.js:1920
[   67960ms] [ERROR] ./apps/frontend/src/app/global.css:618:8
Parsing CSS source code failed
  616 |   }
  617 | }
> 618 | @import url('https://fonts.googleapis.com/css2?family=Inter:wght@400;500;600;700&display=swap');
      |        ^
  619 | @layer base {
  620 |   * {
  621 |     -webkit-font-smoothing: antialiased;

@import rules must precede all rules aside from @charset and @layer statements

Import trace:
  Client Component Browser:
    ./apps/frontend/src/app/global.css [Client Component Browser]
    ./apps/frontend/src/app/layout.tsx [Server Component] @ http://localhost:3000/_next/static/chunks/9da9d_next_dist_1382ebdb._.js:1920
[   67961ms] [ERROR] ./apps/frontend/src/app/global.css:618:8
Parsing CSS source code failed
  616 |   }
  617 | }
> 618 | @import url('https://fonts.googleapis.com/css2?family=Inter:wght@400;500;600;700&display=swap');
      |        ^
  619 | @layer base {
  620 |   * {
  621 |     -webkit-font-smoothing: antialiased;

@import rules must precede all rules aside from @charset and @layer statements

Import trace:
  Client Component Browser:
    ./apps/frontend/src/app/global.css [Client Component Browser]
    ./apps/frontend/src/app/layout.tsx [Server Component] @ http://localhost:3000/_next/static/chunks/9da9d_next_dist_1382ebdb._.js:1920
[   68051ms] [LOG] [Fast Refresh] rebuilding @ http://localhost:3000/_next/static/chunks/9da9d_next_dist_1382ebdb._.js:1206
[   68308ms] [ERROR] ./apps/frontend/src/app/global.css:618:8
Parsing CSS source code failed
  616 |   }
  617 | }
> 618 | @import url('https://fonts.googleapis.com/css2?family=Inter:wght@400;500;600;700&display=swap');
      |        ^
  619 | @layer base {
  620 |   * {
  621 |     -webkit-font-smoothing: antialiased;

@import rules must precede all rules aside from @charset and @layer statements

Import trace:
  Client Component Browser:
    ./apps/frontend/src/app/global.css [Client Component Browser]
    ./apps/frontend/src/app/layout.tsx [Server Component] @ http://localhost:3000/_next/static/chunks/9da9d_next_dist_1382ebdb._.js:1920
[   89793ms] [LOG] [Fast Refresh] rebuilding @ http://localhost:3000/_next/static/chunks/9da9d_next_dist_1382ebdb._.js:1206
[   90025ms] [ERROR] ./apps/frontend/src/app/global.css:618:8
Parsing CSS source code failed
  616 |   }
  617 | }
> 618 | @import url('https://fonts.googleapis.com/css2?family=Inter:wght@400;500;600;700&display=swap');
      |        ^
  619 | @layer base {
  620 |   * {
  621 |     -webkit-font-smoothing: antialiased;

@import rules must precede all rules aside from @charset and @layer statements

Import trace:
  Client Component Browser:
    ./apps/frontend/src/app/global.css [Client Component Browser]
    ./apps/frontend/src/app/layout.tsx [Server Component] @ http://localhost:3000/_next/static/chunks/9da9d_next_dist_1382ebdb._.js:1920
[  124309ms] [ERROR] ./apps/frontend/src/app/global.css:618:8
Parsing CSS source code failed
  616 |   }
  617 | }
> 618 | @import url('https://fonts.googleapis.com/css2?family=Inter:wght@400;500;600;700&display=swap');
      |        ^
  619 | @layer base {
  620 |   * {
  621 |     -webkit-font-smoothing: antialiased;

@import rules must precede all rules aside from @charset and @layer statements

Import trace:
  Client Component Browser:
    ./apps/frontend/src/app/global.css [Client Component Browser]
    ./apps/frontend/src/app/layout.tsx [Server Component] @ http://localhost:3000/_next/static/chunks/9da9d_next_dist_1382ebdb._.js:1920
[  124334ms] [ERROR] ./apps/frontend/src/app/global.css:618:8
Parsing CSS source code failed
  616 |   }
  617 | }
> 618 | @import url('https://fonts.googleapis.com/css2?family=Inter:wght@400;500;600;700&display=swap');
      |        ^
  619 | @layer base {
  620 |   * {
  621 |     -webkit-font-smoothing: antialiased;

@import rules must precede all rules aside from @charset and @layer statements

Import trace:
  Client Component Browser:
    ./apps/frontend/src/app/global.css [Client Component Browser]
    ./apps/frontend/src/app/layout.tsx [Server Component] @ http://localhost:3000/_next/static/chunks/9da9d_next_dist_1382ebdb._.js:1920
[  124386ms] [ERROR] ./apps/frontend/src/app/global.css:618:8
Parsing CSS source code failed
  616 |   }
  617 | }
> 618 | @import url('https://fonts.googleapis.com/css2?family=Inter:wght@400;500;600;700&display=swap');
      |        ^
  619 | @layer base {
  620 |   * {
  621 |     -webkit-font-smoothing: antialiased;

@import rules must precede all rules aside from @charset and @layer statements

Import trace:
  Client Component Browser:
    ./apps/frontend/src/app/global.css [Client Component Browser]
    ./apps/frontend/src/app/layout.tsx [Server Component] @ http://localhost:3000/_next/static/chunks/9da9d_next_dist_1382ebdb._.js:1920
[  124436ms] [LOG] [Fast Refresh] rebuilding @ http://localhost:3000/_next/static/chunks/9da9d_next_dist_1382ebdb._.js:1206
[  170514ms] [LOG] [Fast Refresh] rebuilding @ http://localhost:3000/_next/static/chunks/9da9d_next_dist_1382ebdb._.js:1206
[  172447ms] [LOG] [Fast Refresh] done in 2013ms @ http://localhost:3000/_next/static/chunks/9da9d_next_dist_1382ebdb._.js:1206
[  172787ms] [LOG] [Fast Refresh] rebuilding @ http://localhost:3000/_next/static/chunks/9da9d_next_dist_1382ebdb._.js:1206
[  176810ms] [LOG] [Fast Refresh] done in 4124ms @ http://localhost:3000/_next/static/chunks/9da9d_next_dist_1382ebdb._.js:1206
[  182054ms] [INFO] %cDownload the React DevTools for a better development experience: https://react.dev/link/react-devtools font-weight:bold @ http://localhost:3000/_next/static/chunks/9da9d_next_dist_8994732a._.js:2297
[  182998ms] [LOG] [HMR] connected @ http://localhost:3000/_next/static/chunks/9da9d_next_dist_8994732a._.js:2297
[  193058ms] [LOG] Download the Apollo DevTools for a better development experience: %s https://chrome.google.com/webstore/detail/apollo-client-developer-t/jdkknkkbebbapilgoeccciglkfbmbnfm @ http://localhost:3000/_next/static/chunks/9da9d_next_dist_8994732a._.js:2297
[  203506ms] [LOG] [Fast Refresh] rebuilding @ http://localhost:3000/_next/static/chunks/9da9d_next_dist_8994732a._.js:2297
[  212587ms] [LOG] [Fast Refresh] done in 9149ms @ http://localhost:3000/_next/static/chunks/9da9d_next_dist_8994732a._.js:2297
[  215846ms] [LOG] [Fast Refresh] rebuilding @ http://localhost:3000/_next/static/chunks/9da9d_next_dist_8994732a._.js:2297
[  216536ms] [LOG] [Fast Refresh] done in 794ms @ http://localhost:3000/_next/static/chunks/9da9d_next_dist_8994732a._.js:2297
[  219224ms] [INFO] %cDownload the React DevTools for a better development experience: https://react.dev/link/react-devtools font-weight:bold @ http://localhost:3000/_next/static/chunks/9da9d_next_dist_8994732a._.js:2297
[  219595ms] [LOG] [HMR] connected @ http://localhost:3000/_next/static/chunks/9da9d_next_dist_8994732a._.js:2297
[  229346ms] [LOG] [Fast Refresh] rebuilding @ http://localhost:3000/_next/static/chunks/9da9d_next_dist_8994732a._.js:2297
[  229788ms] [LOG] Download the Apollo DevTools for a better development experience: %s https://chrome.google.com/webstore/detail/apollo-client-developer-t/jdkknkkbebbapilgoeccciglkfbmbnfm @ http://localhost:3000/_next/static/chunks/9da9d_next_dist_8994732a._.js:2297
[  230042ms] [LOG] [Fast Refresh] done in 759ms @ http://localhost:3000/_next/static/chunks/9da9d_next_dist_8994732a._.js:2297
[  230260ms] [LOG] [Fast Refresh] rebuilding @ http://localhost:3000/_next/static/chunks/9da9d_next_dist_8994732a._.js:2297
[  230459ms] [LOG] [Fast Refresh] done in 358ms @ http://localhost:3000/_next/static/chunks/9da9d_next_dist_8994732a._.js:2297
[  261153ms] [LOG] [Fast Refresh] rebuilding @ http://localhost:3000/_next/static/chunks/9da9d_next_dist_8994732a._.js:2297
[  261177ms] [LOG] [Fast Refresh] done in 124ms @ http://localhost:3000/_next/static/chunks/9da9d_next_dist_8994732a._.js:2297
[  293038ms] [ERROR] WebSocket connection to 'ws://localhost:3000/_next/webpack-hmr?id=1SLEQqPmEtIYbOduGYYOt' failed:  @ http://localhost:3000/_next/static/chunks/9da9d_next_dist_client_cd104a36._.js:10878
[  294757ms] [LOG] [HMR] connected @ http://localhost:3000/_next/static/chunks/9da9d_next_dist_8994732a._.js:2297
