[     590ms] [LOG] [Fast Refresh] rebuilding @ http://localhost:3000/_next/static/chunks/9da9d_next_dist_8994732a._.js:2297
[    1684ms] [LOG] [Fast Refresh] done in 1212ms @ http://localhost:3000/_next/static/chunks/9da9d_next_dist_8994732a._.js:2297
[    6322ms] [INFO] %cDownload the React DevTools for a better development experience: https://react.dev/link/react-devtools font-weight:bold @ http://localhost:3000/_next/static/chunks/9da9d_next_dist_8994732a._.js:2297
[    6560ms] [LOG] [HMR] connected @ http://localhost:3000/_next/static/chunks/9da9d_next_dist_8994732a._.js:2297
[   17054ms] [LOG] Download the Apollo DevTools for a better development experience: %s https://chrome.google.com/webstore/detail/apollo-client-developer-t/jdkknkkbebbapilgoeccciglkfbmbnfm @ http://localhost:3000/_next/static/chunks/9da9d_next_dist_8994732a._.js:2297
[   65682ms] [LOG] [Fast Refresh] rebuilding @ http://localhost:3000/_next/static/chunks/9da9d_next_dist_8994732a._.js:2297
[   65759ms] [LOG] [Fast Refresh] done in 175ms @ http://localhost:3000/_next/static/chunks/9da9d_next_dist_8994732a._.js:2297
[  207936ms] [LOG] [Fast Refresh] rebuilding @ http://localhost:3000/_next/static/chunks/9da9d_next_dist_8994732a._.js:2297
[  210366ms] [LOG] [Fast Refresh] done in 2478ms @ http://localhost:3000/_next/static/chunks/9da9d_next_dist_8994732a._.js:2297
[  238066ms] [LOG] [Fast Refresh] rebuilding @ http://localhost:3000/_next/static/chunks/9da9d_next_dist_8994732a._.js:2297
[  238096ms] [LOG] [Fast Refresh] done in 131ms @ http://localhost:3000/_next/static/chunks/9da9d_next_dist_8994732a._.js:2297
[  239023ms] [INFO] %cDownload the React DevTools for a better development experience: https://react.dev/link/react-devtools font-weight:bold @ http://localhost:3000/_next/static/chunks/9da9d_next_dist_8994732a._.js:2297
[  239239ms] [LOG] [HMR] connected @ http://localhost:3000/_next/static/chunks/9da9d_next_dist_8994732a._.js:2297
[  241405ms] [LOG] [Fast Refresh] rebuilding @ http://localhost:3000/_next/static/chunks/9da9d_next_dist_8994732a._.js:2297
[  242479ms] [LOG] [Fast Refresh] done in 1027ms @ http://localhost:3000/_next/static/chunks/9da9d_next_dist_8994732a._.js:2297
[  243902ms] [LOG] [Fast Refresh] rebuilding @ http://localhost:3000/_next/static/chunks/9da9d_next_dist_8994732a._.js:2297
[  245028ms] [LOG] [Fast Refresh] done in 641ms @ http://localhost:3000/_next/static/chunks/9da9d_next_dist_8994732a._.js:2297
[  249334ms] [LOG] Download the Apollo DevTools for a better development experience: %s https://chrome.google.com/webstore/detail/apollo-client-developer-t/jdkknkkbebbapilgoeccciglkfbmbnfm @ http://localhost:3000/_next/static/chunks/9da9d_next_dist_8994732a._.js:2297
[  284339ms] [LOG] [Fast Refresh] rebuilding @ http://localhost:3000/_next/static/chunks/9da9d_next_dist_8994732a._.js:2297
[  288630ms] [LOG] [Fast Refresh] done in 1450ms @ http://localhost:3000/_next/static/chunks/9da9d_next_dist_8994732a._.js:2297
[  289575ms] [LOG] [Fast Refresh] rebuilding @ http://localhost:3000/_next/static/chunks/9da9d_next_dist_8994732a._.js:2297
[  291497ms] [LOG] [Fast Refresh] done in 1619ms @ http://localhost:3000/_next/static/chunks/9da9d_next_dist_8994732a._.js:2297
[  294733ms] [LOG] [Fast Refresh] rebuilding @ http://localhost:3000/_next/static/chunks/9da9d_next_dist_8994732a._.js:2297
[  295534ms] [LOG] [Fast Refresh] done in 534ms @ http://localhost:3000/_next/static/chunks/9da9d_next_dist_8994732a._.js:2297
