[    1066ms] [INFO] %cDownload the React DevTools for a better development experience: https://react.dev/link/react-devtools font-weight:bold @ http://localhost:3000/_next/static/chunks/9da9d_next_dist_8994732a._.js:2297
[    1636ms] [LOG] [HMR] connected @ http://localhost:3000/_next/static/chunks/9da9d_next_dist_8994732a._.js:2297
[   11828ms] [LOG] Download the Apollo DevTools for a better development experience: %s https://chrome.google.com/webstore/detail/apollo-client-developer-t/jdkknkkbebbapilgoeccciglkfbmbnfm @ http://localhost:3000/_next/static/chunks/9da9d_next_dist_8994732a._.js:2297
[  696875ms] [INFO] %cDownload the React DevTools for a better development experience: https://react.dev/link/react-devtools font-weight:bold @ http://localhost:3000/_next/static/chunks/9da9d_next_dist_8994732a._.js:2297
[  697015ms] [LOG] [HMR] connected @ http://localhost:3000/_next/static/chunks/9da9d_next_dist_8994732a._.js:2297
[  707055ms] [LOG] Download the Apollo DevTools for a better development experience: %s https://chrome.google.com/webstore/detail/apollo-client-developer-t/jdkknkkbebbapilgoeccciglkfbmbnfm @ http://localhost:3000/_next/static/chunks/9da9d_next_dist_8994732a._.js:2297
[ 2667397ms] [LOG] [Fast Refresh] rebuilding @ http://localhost:3000/_next/static/chunks/9da9d_next_dist_8994732a._.js:2297
[ 2667507ms] [LOG] [Fast Refresh] done in 148ms @ http://localhost:3000/_next/static/chunks/9da9d_next_dist_8994732a._.js:2297
[ 2670583ms] [LOG] [Fast Refresh] rebuilding @ http://localhost:3000/_next/static/chunks/9da9d_next_dist_8994732a._.js:2297
[ 2678961ms] [LOG] [Fast Refresh] done in 5457ms @ http://localhost:3000/_next/static/chunks/9da9d_next_dist_8994732a._.js:2297
[ 2682350ms] [INFO] %cDownload the React DevTools for a better development experience: https://react.dev/link/react-devtools font-weight:bold @ http://localhost:3000/_next/static/chunks/9da9d_next_dist_8994732a._.js:2297
[ 2682807ms] [LOG] [HMR] connected @ http://localhost:3000/_next/static/chunks/9da9d_next_dist_8994732a._.js:2297
[ 2683667ms] [LOG] [Fast Refresh] rebuilding @ http://localhost:3000/_next/static/chunks/9da9d_next_dist_8994732a._.js:2297
[ 2684626ms] [LOG] [Fast Refresh] done in 1070ms @ http://localhost:3000/_next/static/chunks/9da9d_next_dist_8994732a._.js:2297
[ 2693498ms] [LOG] Download the Apollo DevTools for a better development experience: %s https://chrome.google.com/webstore/detail/apollo-client-developer-t/jdkknkkbebbapilgoeccciglkfbmbnfm @ http://localhost:3000/_next/static/chunks/9da9d_next_dist_8994732a._.js:2297
[ 2735529ms] [ERROR] Failed to load resource: the server responded with a status of 404 (Not Found) @ http://localhost:3000/dashboard/settings?_rsc=1k25i:0
[ 2735696ms] [ERROR] Failed to load resource: the server responded with a status of 404 (Not Found) @ http://localhost:3000/dashboard/settings:0
[ 2736073ms] [INFO] %cDownload the React DevTools for a better development experience: https://react.dev/link/react-devtools font-weight:bold @ http://localhost:3000/_next/static/chunks/9da9d_next_dist_8994732a._.js:2297
[ 2736124ms] [LOG] [HMR] connected @ http://localhost:3000/_next/static/chunks/9da9d_next_dist_8994732a._.js:2297
[ 2737928ms] [INFO] %cDownload the React DevTools for a better development experience: https://react.dev/link/react-devtools font-weight:bold @ http://localhost:3000/_next/static/chunks/9da9d_next_dist_8994732a._.js:2297
[ 2738014ms] [LOG] [HMR] connected @ http://localhost:3000/_next/static/chunks/9da9d_next_dist_8994732a._.js:2297
[ 2748187ms] [LOG] Download the Apollo DevTools for a better development experience: %s https://chrome.google.com/webstore/detail/apollo-client-developer-t/jdkknkkbebbapilgoeccciglkfbmbnfm @ http://localhost:3000/_next/static/chunks/9da9d_next_dist_8994732a._.js:2297
