[    1670ms] [INFO] %cDownload the React DevTools for a better development experience: https://react.dev/link/react-devtools font-weight:bold @ http://localhost:3000/_next/static/chunks/9da9d_next_dist_8994732a._.js:2297
[    2559ms] [LOG] [HMR] connected @ http://localhost:3000/_next/static/chunks/9da9d_next_dist_8994732a._.js:2297
[    2903ms] [LOG] [Fast Refresh] rebuilding @ http://localhost:3000/_next/static/chunks/9da9d_next_dist_8994732a._.js:2297
[    2905ms] [LOG] [Fast Refresh] done in 147ms @ http://localhost:3000/_next/static/chunks/9da9d_next_dist_8994732a._.js:2297
[   12934ms] [LOG] Download the Apollo DevTools for a better development experience: %s https://chrome.google.com/webstore/detail/apollo-client-developer-t/jdkknkkbebbapilgoeccciglkfbmbnfm @ http://localhost:3000/_next/static/chunks/9da9d_next_dist_8994732a._.js:2297
[  553956ms] [LOG] [Fast Refresh] rebuilding @ http://localhost:3000/_next/static/chunks/9da9d_next_dist_8994732a._.js:2297
[  555686ms] [LOG] [Fast Refresh] done in 1938ms @ http://localhost:3000/_next/static/chunks/9da9d_next_dist_8994732a._.js:2297
[  556972ms] [LOG] [Fast Refresh] rebuilding @ http://localhost:3000/_next/static/chunks/9da9d_next_dist_8994732a._.js:2297
[  560200ms] [LOG] [Fast Refresh] done in 3327ms @ http://localhost:3000/_next/static/chunks/9da9d_next_dist_8994732a._.js:2297
[  587991ms] [LOG] [Fast Refresh] rebuilding @ http://localhost:3000/_next/static/chunks/9da9d_next_dist_8994732a._.js:2297
[  588002ms] [LOG] [Fast Refresh] done in 135ms @ http://localhost:3000/_next/static/chunks/9da9d_next_dist_8994732a._.js:2297
[  669657ms] [LOG] [Fast Refresh] rebuilding @ http://localhost:3000/_next/static/chunks/9da9d_next_dist_8994732a._.js:2297
[  686376ms] [LOG] [Fast Refresh] done in 16647ms @ http://localhost:3000/_next/static/chunks/9da9d_next_dist_8994732a._.js:2297
[  703043ms] [LOG] [Fast Refresh] rebuilding @ http://localhost:3000/_next/static/chunks/9da9d_next_dist_8994732a._.js:2297
[  703296ms] [LOG] [Fast Refresh] done in 354ms @ http://localhost:3000/_next/static/chunks/9da9d_next_dist_8994732a._.js:2297
[  703896ms] [LOG] [Fast Refresh] rebuilding @ http://localhost:3000/_next/static/chunks/9da9d_next_dist_8994732a._.js:2297
[  704705ms] [LOG] [Fast Refresh] done in 909ms @ http://localhost:3000/_next/static/chunks/9da9d_next_dist_8994732a._.js:2297
[  714678ms] [INFO] %cDownload the React DevTools for a better development experience: https://react.dev/link/react-devtools font-weight:bold @ http://localhost:3000/_next/static/chunks/9da9d_next_dist_8994732a._.js:2297
[  716308ms] [LOG] [HMR] connected @ http://localhost:3000/_next/static/chunks/9da9d_next_dist_8994732a._.js:2297
[  716942ms] [LOG] [Fast Refresh] rebuilding @ http://localhost:3000/_next/static/chunks/9da9d_next_dist_8994732a._.js:2297
[  721322ms] [LOG] [Fast Refresh] done in 4646ms @ http://localhost:3000/_next/static/chunks/9da9d_next_dist_8994732a._.js:2297
[  726982ms] [LOG] Download the Apollo DevTools for a better development experience: %s https://chrome.google.com/webstore/detail/apollo-client-developer-t/jdkknkkbebbapilgoeccciglkfbmbnfm @ http://localhost:3000/_next/static/chunks/9da9d_next_dist_8994732a._.js:2297
[  727614ms] [LOG] [Fast Refresh] rebuilding @ http://localhost:3000/_next/static/chunks/9da9d_next_dist_8994732a._.js:2297
[  729931ms] [LOG] [Fast Refresh] done in 2225ms @ http://localhost:3000/_next/static/chunks/9da9d_next_dist_8994732a._.js:2297
[  733929ms] [LOG] [Fast Refresh] rebuilding @ http://localhost:3000/_next/static/chunks/9da9d_next_dist_8994732a._.js:2297
[  737140ms] [LOG] [Fast Refresh] done in 2871ms @ http://localhost:3000/_next/static/chunks/9da9d_next_dist_8994732a._.js:2297
[  741074ms] [LOG] [Fast Refresh] rebuilding @ http://localhost:3000/_next/static/chunks/9da9d_next_dist_8994732a._.js:2297
[  744115ms] [LOG] [Fast Refresh] done in 2926ms @ http://localhost:3000/_next/static/chunks/9da9d_next_dist_8994732a._.js:2297
[  767019ms] [LOG] [Fast Refresh] rebuilding @ http://localhost:3000/_next/static/chunks/9da9d_next_dist_8994732a._.js:2297
[  767249ms] [LOG] [Fast Refresh] done in 331ms @ http://localhost:3000/_next/static/chunks/9da9d_next_dist_8994732a._.js:2297
[  767389ms] [LOG] [Fast Refresh] rebuilding @ http://localhost:3000/_next/static/chunks/9da9d_next_dist_8994732a._.js:2297
[  767434ms] [LOG] [Fast Refresh] done in 147ms @ http://localhost:3000/_next/static/chunks/9da9d_next_dist_8994732a._.js:2297
