[32m[Nest] 25200  - [39m07/06/2026, 7:24:55 PM [32m    LOG[39m [38;5;3m[NestFactory] [39m[32mStarting Nest application...[39m
[32m[Nest] 25200  - [39m07/06/2026, 7:24:55 PM [32m    LOG[39m [38;5;3m[InstanceLoader] [39m[32mConfigModule dependencies initialized[39m[38;5;3m +21ms[39m
[32m[Nest] 25200  - [39m07/06/2026, 7:24:55 PM [32m    LOG[39m [38;5;3m[InstanceLoader] [39m[32mTypeOrmModule dependencies initialized[39m[38;5;3m +0ms[39m
[32m[Nest] 25200  - [39m07/06/2026, 7:24:55 PM [32m    LOG[39m [38;5;3m[InstanceLoader] [39m[32mTypeOrmModule dependencies initialized[39m[38;5;3m +0ms[39m
[32m[Nest] 25200  - [39m07/06/2026, 7:24:55 PM [32m    LOG[39m [38;5;3m[InstanceLoader] [39m[32mCacheModule dependencies initialized[39m[38;5;3m +0ms[39m
[32m[Nest] 25200  - [39m07/06/2026, 7:24:55 PM [32m    LOG[39m [38;5;3m[InstanceLoader] [39m[32mPassportModule dependencies initialized[39m[38;5;3m +0ms[39m
[32m[Nest] 25200  - [39m07/06/2026, 7:24:55 PM [32m    LOG[39m [38;5;3m[InstanceLoader] [39m[32mPubSubModule dependencies initialized[39m[38;5;3m +0ms[39m
[32m[Nest] 25200  - [39m07/06/2026, 7:24:55 PM [32m    LOG[39m [38;5;3m[InstanceLoader] [39m[32mConfigHostModule dependencies initialized[39m[38;5;3m +5ms[39m
[33m[Nest] 25200  - [39m07/06/2026, 7:24:55 PM [33m   WARN[39m [38;5;3m[EmailService] [39m[33mSMTP_HOST not configured — emails will be logged to console only[39m
[32m[Nest] 25200  - [39m07/06/2026, 7:24:55 PM [32m    LOG[39m [38;5;3m[InstanceLoader] [39m[32mAppModule dependencies initialized[39m[38;5;3m +0ms[39m
[32m[Nest] 25200  - [39m07/06/2026, 7:24:55 PM [32m    LOG[39m [38;5;3m[InstanceLoader] [39m[32mConfigModule dependencies initialized[39m[38;5;3m +0ms[39m
[32m[Nest] 25200  - [39m07/06/2026, 7:24:55 PM [32m    LOG[39m [38;5;3m[InstanceLoader] [39m[32mConfigModule dependencies initialized[39m[38;5;3m +0ms[39m
[32m[Nest] 25200  - [39m07/06/2026, 7:24:55 PM [32m    LOG[39m [38;5;3m[InstanceLoader] [39m[32mLoggerModule dependencies initialized[39m[38;5;3m +23ms[39m
[32m[Nest] 25200  - [39m07/06/2026, 7:24:55 PM [32m    LOG[39m [38;5;3m[InstanceLoader] [39m[32mJwtModule dependencies initialized[39m[38;5;3m +6ms[39m
[32m[Nest] 25200  - [39m07/06/2026, 7:24:55 PM [32m    LOG[39m [38;5;3m[InstanceLoader] [39m[32mGraphQLSchemaBuilderModule dependencies initialized[39m[38;5;3m +1ms[39m
[33m[Nest] 25200  - [39m07/06/2026, 7:24:55 PM [33m   WARN[39m [38;5;3m[CacheService] [39m[33mRedis error: connect ENOENT //[39m
[33m[Nest] 25200  - [39m07/06/2026, 7:24:55 PM [33m   WARN[39m [38;5;3m[CacheService] [39m[33mRedis error: connect ENOENT //[39m
[32m[Nest] 25200  - [39m07/06/2026, 7:24:55 PM [32m    LOG[39m [38;5;3m[InstanceLoader] [39m[32mTypeOrmCoreModule dependencies initialized[39m[38;5;3m +50ms[39m
[32m[Nest] 25200  - [39m07/06/2026, 7:24:55 PM [32m    LOG[39m [38;5;3m[InstanceLoader] [39m[32mTypeOrmModule dependencies initialized[39m[38;5;3m +0ms[39m
[32m[Nest] 25200  - [39m07/06/2026, 7:24:55 PM [32m    LOG[39m [38;5;3m[InstanceLoader] [39m[32mTypeOrmModule dependencies initialized[39m[38;5;3m +0ms[39m
[32m[Nest] 25200  - [39m07/06/2026, 7:24:55 PM [32m    LOG[39m [38;5;3m[InstanceLoader] [39m[32mTypeOrmModule dependencies initialized[39m[38;5;3m +0ms[39m
[32m[Nest] 25200  - [39m07/06/2026, 7:24:55 PM [32m    LOG[39m [38;5;3m[InstanceLoader] [39m[32mTypeOrmModule dependencies initialized[39m[38;5;3m +0ms[39m
[32m[Nest] 25200  - [39m07/06/2026, 7:24:55 PM [32m    LOG[39m [38;5;3m[InstanceLoader] [39m[32mTypeOrmModule dependencies initialized[39m[38;5;3m +0ms[39m
[32m[Nest] 25200  - [39m07/06/2026, 7:24:55 PM [32m    LOG[39m [38;5;3m[InstanceLoader] [39m[32mTypeOrmModule dependencies initialized[39m[38;5;3m +0ms[39m
[32m[Nest] 25200  - [39m07/06/2026, 7:24:55 PM [32m    LOG[39m [38;5;3m[InstanceLoader] [39m[32mTypeOrmModule dependencies initialized[39m[38;5;3m +0ms[39m
[32m[Nest] 25200  - [39m07/06/2026, 7:24:55 PM [32m    LOG[39m [38;5;3m[InstanceLoader] [39m[32mTypeOrmModule dependencies initialized[39m[38;5;3m +0ms[39m
[32m[Nest] 25200  - [39m07/06/2026, 7:24:55 PM [32m    LOG[39m [38;5;3m[InstanceLoader] [39m[32mTypeOrmModule dependencies initialized[39m[38;5;3m +0ms[39m
[32m[Nest] 25200  - [39m07/06/2026, 7:24:55 PM [32m    LOG[39m [38;5;3m[InstanceLoader] [39m[32mTypeOrmModule dependencies initialized[39m[38;5;3m +0ms[39m
[32m[Nest] 25200  - [39m07/06/2026, 7:24:55 PM [32m    LOG[39m [38;5;3m[InstanceLoader] [39m[32mTypeOrmModule dependencies initialized[39m[38;5;3m +0ms[39m
[32m[Nest] 25200  - [39m07/06/2026, 7:24:55 PM [32m    LOG[39m [38;5;3m[InstanceLoader] [39m[32mTypeOrmConfigModule dependencies initialized[39m[38;5;3m +0ms[39m
[32m[Nest] 25200  - [39m07/06/2026, 7:24:55 PM [32m    LOG[39m [38;5;3m[InstanceLoader] [39m[32mUserRepositoryModule dependencies initialized[39m[38;5;3m +2ms[39m
[32m[Nest] 25200  - [39m07/06/2026, 7:24:55 PM [32m    LOG[39m [38;5;3m[InstanceLoader] [39m[32mCrmModule dependencies initialized[39m[38;5;3m +0ms[39m
[32m[Nest] 25200  - [39m07/06/2026, 7:24:55 PM [32m    LOG[39m [38;5;3m[InstanceLoader] [39m[32mBookingModule dependencies initialized[39m[38;5;3m +0ms[39m
[32m[Nest] 25200  - [39m07/06/2026, 7:24:55 PM [32m    LOG[39m [38;5;3m[InstanceLoader] [39m[32mCenterModule dependencies initialized[39m[38;5;3m +0ms[39m
[32m[Nest] 25200  - [39m07/06/2026, 7:24:55 PM [32m    LOG[39m [38;5;3m[InstanceLoader] [39m[32mAnalyticsModule dependencies initialized[39m[38;5;3m +0ms[39m
[32m[Nest] 25200  - [39m07/06/2026, 7:24:55 PM [32m    LOG[39m [38;5;3m[InstanceLoader] [39m[32mAuthModule dependencies initialized[39m[38;5;3m +0ms[39m
